# JRE version: OpenJDK Runtime Environment (8.0_152-b01) (build 1.8.0_152-release-1024-b01)
# Java VM: OpenJDK 64-Bit Server VM (25.152-b01 mixed mode linux-amd64 compressed oops)
Heap:
 PSYoungGen      total 487424K, used 249803K [0x00000000e0000000, 0x0000000100000000, 0x0000000100000000)
  eden space 450560K, 50% used [0x00000000e0000000,0x00000000edccad08,0x00000000fb800000)
  from space 36864K, 64% used [0x00000000fdc00000,0x00000000ff328180,0x0000000100000000)
  to   space 36864K, 0% used [0x00000000fb800000,0x00000000fb800000,0x00000000fdc00000)
 ParOldGen       total 160768K, used 40544K [0x00000000a0000000, 0x00000000a9d00000, 0x00000000e0000000)
  object space 160768K, 25% used [0x00000000a0000000,0x00000000a27983d0,0x00000000a9d00000)
 Metaspace       used 82659K, capacity 86334K, committed 86488K, reserved 1124352K
  class space    used 10539K, capacity 11240K, committed 11264K, reserved 1048576K
GC Heap History (10 events):
Event: 19.567 GC heap before
{Heap before GC invocations=15 (full 3):
 PSYoungGen      total 308224K, used 293412K [0x00000000e0000000, 0x00000000f8100000, 0x0000000100000000)
  eden space 279552K, 100% used [0x00000000e0000000,0x00000000f1100000,0x00000000f1100000)
  from space 28672K, 48% used [0x00000000f1100000,0x00000000f1e89308,0x00000000f2d00000)
  to   space 27136K, 0% used [0x00000000f6680000,0x00000000f6680000,0x00000000f8100000)
 ParOldGen       total 160768K, used 39285K [0x00000000a0000000, 0x00000000a9d00000, 0x00000000e0000000)
  object space 160768K, 24% used [0x00000000a0000000,0x00000000a265d660,0x00000000a9d00000)
 Metaspace       used 68579K, capacity 71040K, committed 71256K, reserved 1112064K
  class space    used 9039K, capacity 9587K, committed 9600K, reserved 1048576K
Event: 19.603 GC heap after
Heap after GC invocations=15 (full 3):
 PSYoungGen      total 365056K, used 19443K [0x00000000e0000000, 0x00000000f8100000, 0x0000000100000000)
  eden space 337920K, 0% used [0x00000000e0000000,0x00000000e0000000,0x00000000f4a00000)
  from space 27136K, 71% used [0x00000000f6680000,0x00000000f797cf50,0x00000000f8100000)
  to   space 28160K, 0% used [0x00000000f4a00000,0x00000000f4a00000,0x00000000f6580000)
 ParOldGen       total 160768K, used 39293K [0x00000000a0000000, 0x00000000a9d00000, 0x00000000e0000000)
  object space 160768K, 24% used [0x00000000a0000000,0x00000000a265f660,0x00000000a9d00000)
 Metaspace       used 68579K, capacity 71040K, committed 71256K, reserved 1112064K
  class space    used 9039K, capacity 9587K, committed 9600K, reserved 1048576K
}
Event: 22.851 GC heap before
{Heap before GC invocations=16 (full 3):
 PSYoungGen      total 365056K, used 357363K [0x00000000e0000000, 0x00000000f8100000, 0x0000000100000000)
  eden space 337920K, 100% used [0x00000000e0000000,0x00000000f4a00000,0x00000000f4a00000)
  from space 27136K, 71% used [0x00000000f6680000,0x00000000f797cf50,0x00000000f8100000)
  to   space 28160K, 0% used [0x00000000f4a00000,0x00000000f4a00000,0x00000000f6580000)
 ParOldGen       total 160768K, used 39293K [0x00000000a0000000, 0x00000000a9d00000, 0x00000000e0000000)
  object space 160768K, 24% used [0x00000000a0000000,0x00000000a265f660,0x00000000a9d00000)
 Metaspace       used 76076K, capacity 79016K, committed 79192K, reserved 1118208K
  class space    used 9938K, capacity 10555K, committed 10624K, reserved 1048576K
Event: 22.919 GC heap after
Heap after GC invocations=16 (full 3):
 PSYoungGen      total 366080K, used 28146K [0x00000000e0000000, 0x00000000fcf80000, 0x0000000100000000)
  eden space 337920K, 0% used [0x00000000e0000000,0x00000000e0000000,0x00000000f4a00000)
  from space 28160K, 99% used [0x00000000f4a00000,0x00000000f657c940,0x00000000f6580000)
  to   space 32256K, 0% used [0x00000000fb000000,0x00000000fb000000,0x00000000fcf80000)
 ParOldGen       total 160768K, used 39692K [0x00000000a0000000, 0x00000000a9d00000, 0x00000000e0000000)
  object space 160768K, 24% used [0x00000000a0000000,0x00000000a26c33f0,0x00000000a9d00000)
 Metaspace       used 76076K, capacity 79016K, committed 79192K, reserved 1118208K
  class space    used 9938K, capacity 10555K, committed 10624K, reserved 1048576K
}
Event: 24.847 GC heap before
{Heap before GC invocations=17 (full 3):
 PSYoungGen      total 366080K, used 366066K [0x00000000e0000000, 0x00000000fcf80000, 0x0000000100000000)
  eden space 337920K, 100% used [0x00000000e0000000,0x00000000f4a00000,0x00000000f4a00000)
  from space 28160K, 99% used [0x00000000f4a00000,0x00000000f657c940,0x00000000f6580000)
  to   space 32256K, 0% used [0x00000000fb000000,0x00000000fb000000,0x00000000fcf80000)
 ParOldGen       total 160768K, used 39692K [0x00000000a0000000, 0x00000000a9d00000, 0x00000000e0000000)
  object space 160768K, 24% used [0x00000000a0000000,0x00000000a26c33f0,0x00000000a9d00000)
 Metaspace       used 76895K, capacity 80058K, committed 80344K, reserved 1118208K
  class space    used 10005K, capacity 10664K, committed 10752K, reserved 1048576K
Event: 24.888 GC heap after
Heap after GC invocations=17 (full 3):
 PSYoungGen      total 437760K, used 32242K [0x00000000e0000000, 0x00000000fd980000, 0x0000000100000000)
  eden space 405504K, 0% used [0x00000000e0000000,0x00000000e0000000,0x00000000f8c00000)
  from space 32256K, 99% used [0x00000000fb000000,0x00000000fcf7ca38,0x00000000fcf80000)
  to   space 36864K, 0% used [0x00000000f8c00000,0x00000000f8c00000,0x00000000fb000000)
 ParOldGen       total 160768K, used 40528K [0x00000000a0000000, 0x00000000a9d00000, 0x00000000e0000000)
  object space 160768K, 25% used [0x00000000a0000000,0x00000000a27943d0,0x00000000a9d00000)
 Metaspace       used 76895K, capacity 80058K, committed 80344K, reserved 1118208K
  class space    used 10005K, capacity 10664K, committed 10752K, reserved 1048576K
}
Event: 29.174 GC heap before
{Heap before GC invocations=18 (full 3):
 PSYoungGen      total 437760K, used 437746K [0x00000000e0000000, 0x00000000fd980000, 0x0000000100000000)
  eden space 405504K, 100% used [0x00000000e0000000,0x00000000f8c00000,0x00000000f8c00000)
  from space 32256K, 99% used [0x00000000fb000000,0x00000000fcf7ca38,0x00000000fcf80000)
  to   space 36864K, 0% used [0x00000000f8c00000,0x00000000f8c00000,0x00000000fb000000)
 ParOldGen       total 160768K, used 40528K [0x00000000a0000000, 0x00000000a9d00000, 0x00000000e0000000)
  object space 160768K, 25% used [0x00000000a0000000,0x00000000a27943d0,0x00000000a9d00000)
 Metaspace       used 78142K, capacity 81372K, committed 81496K, reserved 1120256K
  class space    used 10127K, capacity 10773K, committed 10880K, reserved 1048576K
Event: 29.206 GC heap after
Heap after GC invocations=18 (full 3):
 PSYoungGen      total 442368K, used 22219K [0x00000000e0000000, 0x0000000100000000, 0x0000000100000000)
  eden space 405504K, 0% used [0x00000000e0000000,0x00000000e0000000,0x00000000f8c00000)
  from space 36864K, 60% used [0x00000000f8c00000,0x00000000fa1b2ef8,0x00000000fb000000)
  to   space 36864K, 0% used [0x00000000fdc00000,0x00000000fdc00000,0x0000000100000000)
 ParOldGen       total 160768K, used 40536K [0x00000000a0000000, 0x00000000a9d00000, 0x00000000e0000000)
  object space 160768K, 25% used [0x00000000a0000000,0x00000000a27963d0,0x00000000a9d00000)
 Metaspace       used 78142K, capacity 81372K, committed 81496K, reserved 1120256K
  class space    used 10127K, capacity 10773K, committed 10880K, reserved 1048576K
}
Event: 391.941 GC heap before
{Heap before GC invocations=19 (full 3):
 PSYoungGen      total 442368K, used 427723K [0x00000000e0000000, 0x0000000100000000, 0x0000000100000000)
  eden space 405504K, 100% used [0x00000000e0000000,0x00000000f8c00000,0x00000000f8c00000)
  from space 36864K, 60% used [0x00000000f8c00000,0x00000000fa1b2ef8,0x00000000fb000000)
  to   space 36864K, 0% used [0x00000000fdc00000,0x00000000fdc00000,0x0000000100000000)
 ParOldGen       total 160768K, used 40536K [0x00000000a0000000, 0x00000000a9d00000, 0x00000000e0000000)
  object space 160768K, 25% used [0x00000000a0000000,0x00000000a27963d0,0x00000000a9d00000)
 Metaspace       used 81676K, capacity 85096K, committed 85208K, reserved 1124352K
  class space    used 10476K, capacity 11173K, committed 11264K, reserved 1048576K
Event: 392.030 GC heap after
Heap after GC invocations=19 (full 3):
 PSYoungGen      total 487424K, used 23712K [0x00000000e0000000, 0x0000000100000000, 0x0000000100000000)
  eden space 450560K, 0% used [0x00000000e0000000,0x00000000e0000000,0x00000000fb800000)
  from space 36864K, 64% used [0x00000000fdc00000,0x00000000ff328180,0x0000000100000000)
  to   space 36864K, 0% used [0x00000000fb800000,0x00000000fb800000,0x00000000fdc00000)
 ParOldGen       total 160768K, used 40544K [0x00000000a0000000, 0x00000000a9d00000, 0x00000000e0000000)
  object space 160768K, 25% used [0x00000000a0000000,0x00000000a27983d0,0x00000000a9d00000)
 Metaspace       used 81676K, capacity 85096K, committed 85208K, reserved 1124352K
  class space    used 10476K, capacity 11173K, committed 11264K, reserved 1048576K
}

