# JRE version: OpenJDK Runtime Environment (8.0_152-b01) (build 1.8.0_152-release-1024-b01)
# Java VM: OpenJDK 64-Bit Server VM (25.152-b01 mixed mode linux-amd64 compressed oops)
Heap:
 PSYoungGen      total 186368K, used 86158K [0x00000000e0000000, 0x00000000f0200000, 0x0000000100000000)
  eden space 171008K, 41% used [0x00000000e0000000,0x00000000e4525d28,0x00000000ea700000)
  from space 15360K, 99% used [0x00000000ea700000,0x00000000eb5fdb28,0x00000000eb600000)
  to   space 19456K, 0% used [0x00000000eef00000,0x00000000eef00000,0x00000000f0200000)
 ParOldGen       total 113664K, used 21843K [0x00000000a0000000, 0x00000000a6f00000, 0x00000000e0000000)
  object space 113664K, 19% used [0x00000000a0000000,0x00000000a1554c60,0x00000000a6f00000)
 Metaspace       used 52239K, capacity 53738K, committed 53888K, reserved 1095680K
  class space    used 7054K, capacity 7457K, committed 7552K, reserved 1048576K
GC Heap History (10 events):
Event: 4.111 GC heap before
{Heap before GC invocations=5 (full 1):
 PSYoungGen      total 132096K, used 5104K [0x00000000e0000000, 0x00000000e8600000, 0x0000000100000000)
  eden space 126976K, 0% used [0x00000000e0000000,0x00000000e0000000,0x00000000e7c00000)
  from space 5120K, 99% used [0x00000000e8100000,0x00000000e85fc050,0x00000000e8600000)
  to   space 5120K, 0% used [0x00000000e7c00000,0x00000000e7c00000,0x00000000e8100000)
 ParOldGen       total 84992K, used 8795K [0x00000000a0000000, 0x00000000a5300000, 0x00000000e0000000)
  object space 84992K, 10% used [0x00000000a0000000,0x00000000a0896ca0,0x00000000a5300000)
 Metaspace       used 20707K, capacity 21070K, committed 21248K, reserved 1067008K
  class space    used 2909K, capacity 3038K, committed 3072K, reserved 1048576K
Event: 4.203 GC heap after
Heap after GC invocations=5 (full 1):
 PSYoungGen      total 132096K, used 0K [0x00000000e0000000, 0x00000000e8600000, 0x0000000100000000)
  eden space 126976K, 0% used [0x00000000e0000000,0x00000000e0000000,0x00000000e7c00000)
  from space 5120K, 0% used [0x00000000e8100000,0x00000000e8100000,0x00000000e8600000)
  to   space 5120K, 0% used [0x00000000e7c00000,0x00000000e7c00000,0x00000000e8100000)
 ParOldGen       total 66048K, used 8387K [0x00000000a0000000, 0x00000000a4080000, 0x00000000e0000000)
  object space 66048K, 12% used [0x00000000a0000000,0x00000000a0830e28,0x00000000a4080000)
 Metaspace       used 20707K, capacity 21070K, committed 21248K, reserved 1067008K
  class space    used 2909K, capacity 3038K, committed 3072K, reserved 1048576K
}
Event: 7.204 GC heap before
{Heap before GC invocations=6 (full 1):
 PSYoungGen      total 132096K, used 126976K [0x00000000e0000000, 0x00000000e8600000, 0x0000000100000000)
  eden space 126976K, 100% used [0x00000000e0000000,0x00000000e7c00000,0x00000000e7c00000)
  from space 5120K, 0% used [0x00000000e8100000,0x00000000e8100000,0x00000000e8600000)
  to   space 5120K, 0% used [0x00000000e7c00000,0x00000000e7c00000,0x00000000e8100000)
 ParOldGen       total 66048K, used 8387K [0x00000000a0000000, 0x00000000a4080000, 0x00000000e0000000)
  object space 66048K, 12% used [0x00000000a0000000,0x00000000a0830e28,0x00000000a4080000)
 Metaspace       used 29801K, capacity 30510K, committed 30848K, reserved 1075200K
  class space    used 4219K, capacity 4448K, committed 4480K, reserved 1048576K
Event: 7.233 GC heap after
Heap after GC invocations=6 (full 1):
 PSYoungGen      total 132096K, used 5088K [0x00000000e0000000, 0x00000000ec600000, 0x0000000100000000)
  eden space 126976K, 0% used [0x00000000e0000000,0x00000000e0000000,0x00000000e7c00000)
  from space 5120K, 99% used [0x00000000e7c00000,0x00000000e80f8020,0x00000000e8100000)
  to   space 14848K, 0% used [0x00000000eb780000,0x00000000eb780000,0x00000000ec600000)
 ParOldGen       total 66048K, used 16427K [0x00000000a0000000, 0x00000000a4080000, 0x00000000e0000000)
  object space 66048K, 24% used [0x00000000a0000000,0x00000000a100afb8,0x00000000a4080000)
 Metaspace       used 29801K, capacity 30510K, committed 30848K, reserved 1075200K
  class space    used 4219K, capacity 4448K, committed 4480K, reserved 1048576K
}
Event: 8.901 GC heap before
{Heap before GC invocations=7 (full 1):
 PSYoungGen      total 132096K, used 55707K [0x00000000e0000000, 0x00000000ec600000, 0x0000000100000000)
  eden space 126976K, 39% used [0x00000000e0000000,0x00000000e316ec10,0x00000000e7c00000)
  from space 5120K, 99% used [0x00000000e7c00000,0x00000000e80f8020,0x00000000e8100000)
  to   space 14848K, 0% used [0x00000000eb780000,0x00000000eb780000,0x00000000ec600000)
 ParOldGen       total 66048K, used 16427K [0x00000000a0000000, 0x00000000a4080000, 0x00000000e0000000)
  object space 66048K, 24% used [0x00000000a0000000,0x00000000a100afb8,0x00000000a4080000)
 Metaspace       used 34502K, capacity 35256K, committed 35416K, reserved 1079296K
  class space    used 4768K, capacity 5030K, committed 5120K, reserved 1048576K
Event: 8.916 GC heap after
Heap after GC invocations=7 (full 1):
 PSYoungGen      total 184832K, used 11215K [0x00000000e0000000, 0x00000000ec500000, 0x0000000100000000)
  eden space 171008K, 0% used [0x00000000e0000000,0x00000000e0000000,0x00000000ea700000)
  from space 13824K, 81% used [0x00000000eb780000,0x00000000ec273c88,0x00000000ec500000)
  to   space 15360K, 0% used [0x00000000ea700000,0x00000000ea700000,0x00000000eb600000)
 ParOldGen       total 66048K, used 16435K [0x00000000a0000000, 0x00000000a4080000, 0x00000000e0000000)
  object space 66048K, 24% used [0x00000000a0000000,0x00000000a100cfb8,0x00000000a4080000)
 Metaspace       used 34502K, capacity 35256K, committed 35416K, reserved 1079296K
  class space    used 4768K, capacity 5030K, committed 5120K, reserved 1048576K
}
Event: 8.916 GC heap before
{Heap before GC invocations=8 (full 2):
 PSYoungGen      total 184832K, used 11215K [0x00000000e0000000, 0x00000000ec500000, 0x0000000100000000)
  eden space 171008K, 0% used [0x00000000e0000000,0x00000000e0000000,0x00000000ea700000)
  from space 13824K, 81% used [0x00000000eb780000,0x00000000ec273c88,0x00000000ec500000)
  to   space 15360K, 0% used [0x00000000ea700000,0x00000000ea700000,0x00000000eb600000)
 ParOldGen       total 66048K, used 16435K [0x00000000a0000000, 0x00000000a4080000, 0x00000000e0000000)
  object space 66048K, 24% used [0x00000000a0000000,0x00000000a100cfb8,0x00000000a4080000)
 Metaspace       used 34502K, capacity 35256K, committed 35416K, reserved 1079296K
  class space    used 4768K, capacity 5030K, committed 5120K, reserved 1048576K
Event: 9.021 GC heap after
Heap after GC invocations=8 (full 2):
 PSYoungGen      total 184832K, used 0K [0x00000000e0000000, 0x00000000ec500000, 0x0000000100000000)
  eden space 171008K, 0% used [0x00000000e0000000,0x00000000e0000000,0x00000000ea700000)
  from space 13824K, 0% used [0x00000000eb780000,0x00000000eb780000,0x00000000ec500000)
  to   space 15360K, 0% used [0x00000000ea700000,0x00000000ea700000,0x00000000eb600000)
 ParOldGen       total 113664K, used 18738K [0x00000000a0000000, 0x00000000a6f00000, 0x00000000e0000000)
  object space 113664K, 16% used [0x00000000a0000000,0x00000000a124c9e8,0x00000000a6f00000)
 Metaspace       used 34479K, capacity 35168K, committed 35416K, reserved 1079296K
  class space    used 4761K, capacity 5022K, committed 5120K, reserved 1048576K
}
Event: 13.306 GC heap before
{Heap before GC invocations=9 (full 2):
 PSYoungGen      total 184832K, used 171008K [0x00000000e0000000, 0x00000000ec500000, 0x0000000100000000)
  eden space 171008K, 100% used [0x00000000e0000000,0x00000000ea700000,0x00000000ea700000)
  from space 13824K, 0% used [0x00000000eb780000,0x00000000eb780000,0x00000000ec500000)
  to   space 15360K, 0% used [0x00000000ea700000,0x00000000ea700000,0x00000000eb600000)
 ParOldGen       total 113664K, used 18738K [0x00000000a0000000, 0x00000000a6f00000, 0x00000000e0000000)
  object space 113664K, 16% used [0x00000000a0000000,0x00000000a124c9e8,0x00000000a6f00000)
 Metaspace       used 49477K, capacity 50614K, committed 50816K, reserved 1093632K
  class space    used 6694K, capacity 7033K, committed 7040K, reserved 1048576K
Event: 13.334 GC heap after
Heap after GC invocations=9 (full 2):
 PSYoungGen      total 186368K, used 15350K [0x00000000e0000000, 0x00000000f0200000, 0x0000000100000000)
  eden space 171008K, 0% used [0x00000000e0000000,0x00000000e0000000,0x00000000ea700000)
  from space 15360K, 99% used [0x00000000ea700000,0x00000000eb5fdb28,0x00000000eb600000)
  to   space 19456K, 0% used [0x00000000eef00000,0x00000000eef00000,0x00000000f0200000)
 ParOldGen       total 113664K, used 21843K [0x00000000a0000000, 0x00000000a6f00000, 0x00000000e0000000)
  object space 113664K, 19% used [0x00000000a0000000,0x00000000a1554c60,0x00000000a6f00000)
 Metaspace       used 49477K, capacity 50614K, committed 50816K, reserved 1093632K
  class space    used 6694K, capacity 7033K, committed 7040K, reserved 1048576K
}

