# JRE version: OpenJDK Runtime Environment (8.0_152-b01) (build 1.8.0_152-release-1024-b01)
# Java VM: OpenJDK 64-Bit Server VM (25.152-b01 mixed mode linux-amd64 compressed oops)
Heap:
 PSYoungGen      total 239104K, used 217371K [0x00000000e0000000, 0x00000000f0d00000, 0x0000000100000000)
  eden space 223744K, 90% used [0x00000000e0000000,0x00000000ec5ad550,0x00000000eda80000)
  from space 15360K, 97% used [0x00000000efe00000,0x00000000f0c99a50,0x00000000f0d00000)
  to   space 25600K, 0% used [0x00000000edb00000,0x00000000edb00000,0x00000000ef400000)
 ParOldGen       total 140800K, used 44271K [0x00000000a0000000, 0x00000000a8980000, 0x00000000e0000000)
  object space 140800K, 31% used [0x00000000a0000000,0x00000000a2b3bd00,0x00000000a8980000)
 Metaspace       used 70450K, capacity 72952K, committed 73088K, reserved 1112064K
  class space    used 9249K, capacity 9837K, committed 9856K, reserved 1048576K
GC Heap History (10 events):
Event: 9.748 GC heap before
{Heap before GC invocations=11 (full 2):
 PSYoungGen      total 152576K, used 139776K [0x00000000e0000000, 0x00000000edf80000, 0x0000000100000000)
  eden space 139776K, 100% used [0x00000000e0000000,0x00000000e8880000,0x00000000e8880000)
  from space 12800K, 0% used [0x00000000e9580000,0x00000000e9580000,0x00000000ea200000)
  to   space 13312K, 0% used [0x00000000e8880000,0x00000000e8880000,0x00000000e9580000)
 ParOldGen       total 87552K, used 16733K [0x00000000a0000000, 0x00000000a5580000, 0x00000000e0000000)
  object space 87552K, 19% used [0x00000000a0000000,0x00000000a1057440,0x00000000a5580000)
 Metaspace       used 45760K, capacity 46790K, committed 47104K, reserved 1089536K
  class space    used 6267K, capacity 6619K, committed 6656K, reserved 1048576K
Event: 9.778 GC heap after
Heap after GC invocations=11 (full 2):
 PSYoungGen      total 153088K, used 13301K [0x00000000e0000000, 0x00000000ed380000, 0x0000000100000000)
  eden space 139776K, 0% used [0x00000000e0000000,0x00000000e0000000,0x00000000e8880000)
  from space 13312K, 99% used [0x00000000e8880000,0x00000000e957d538,0x00000000e9580000)
  to   space 15872K, 0% used [0x00000000ec400000,0x00000000ec400000,0x00000000ed380000)
 ParOldGen       total 87552K, used 19312K [0x00000000a0000000, 0x00000000a5580000, 0x00000000e0000000)
  object space 87552K, 22% used [0x00000000a0000000,0x00000000a12dc280,0x00000000a5580000)
 Metaspace       used 45760K, capacity 46790K, committed 47104K, reserved 1089536K
  class space    used 6267K, capacity 6619K, committed 6656K, reserved 1048576K
}
Event: 12.509 GC heap before
{Heap before GC invocations=12 (full 2):
 PSYoungGen      total 153088K, used 153077K [0x00000000e0000000, 0x00000000ed380000, 0x0000000100000000)
  eden space 139776K, 100% used [0x00000000e0000000,0x00000000e8880000,0x00000000e8880000)
  from space 13312K, 99% used [0x00000000e8880000,0x00000000e957d538,0x00000000e9580000)
  to   space 15872K, 0% used [0x00000000ec400000,0x00000000ec400000,0x00000000ed380000)
 ParOldGen       total 87552K, used 19312K [0x00000000a0000000, 0x00000000a5580000, 0x00000000e0000000)
  object space 87552K, 22% used [0x00000000a0000000,0x00000000a12dc280,0x00000000a5580000)
 Metaspace       used 54415K, capacity 56138K, committed 56320K, reserved 1097728K
  class space    used 7423K, capacity 7867K, committed 7936K, reserved 1048576K
Event: 12.548 GC heap after
Heap after GC invocations=12 (full 2):
 PSYoungGen      total 197120K, used 15869K [0x00000000e0000000, 0x00000000ed780000, 0x0000000100000000)
  eden space 181248K, 0% used [0x00000000e0000000,0x00000000e0000000,0x00000000eb100000)
  from space 15872K, 99% used [0x00000000ec400000,0x00000000ed37f5b8,0x00000000ed380000)
  to   space 19456K, 0% used [0x00000000eb100000,0x00000000eb100000,0x00000000ec400000)
 ParOldGen       total 87552K, used 23159K [0x00000000a0000000, 0x00000000a5580000, 0x00000000e0000000)
  object space 87552K, 26% used [0x00000000a0000000,0x00000000a169dc38,0x00000000a5580000)
 Metaspace       used 54415K, capacity 56138K, committed 56320K, reserved 1097728K
  class space    used 7423K, capacity 7867K, committed 7936K, reserved 1048576K
}
Event: 14.515 GC heap before
{Heap before GC invocations=13 (full 2):
 PSYoungGen      total 197120K, used 155343K [0x00000000e0000000, 0x00000000ed780000, 0x0000000100000000)
  eden space 181248K, 76% used [0x00000000e0000000,0x00000000e8834718,0x00000000eb100000)
  from space 15872K, 99% used [0x00000000ec400000,0x00000000ed37f5b8,0x00000000ed380000)
  to   space 19456K, 0% used [0x00000000eb100000,0x00000000eb100000,0x00000000ec400000)
 ParOldGen       total 87552K, used 23159K [0x00000000a0000000, 0x00000000a5580000, 0x00000000e0000000)
  object space 87552K, 26% used [0x00000000a0000000,0x00000000a169dc38,0x00000000a5580000)
 Metaspace       used 57208K, capacity 58968K, committed 59008K, reserved 1099776K
  class space    used 7855K, capacity 8291K, committed 8320K, reserved 1048576K
Event: 14.562 GC heap after
Heap after GC invocations=13 (full 2):
 PSYoungGen      total 200704K, used 19454K [0x00000000e0000000, 0x00000000f1700000, 0x0000000100000000)
  eden space 181248K, 0% used [0x00000000e0000000,0x00000000e0000000,0x00000000eb100000)
  from space 19456K, 99% used [0x00000000eb100000,0x00000000ec3ffac8,0x00000000ec400000)
  to   space 25600K, 0% used [0x00000000efe00000,0x00000000efe00000,0x00000000f1700000)
 ParOldGen       total 87552K, used 33044K [0x00000000a0000000, 0x00000000a5580000, 0x00000000e0000000)
  object space 87552K, 37% used [0x00000000a0000000,0x00000000a2045140,0x00000000a5580000)
 Metaspace       used 57208K, capacity 58968K, committed 59008K, reserved 1099776K
  class space    used 7855K, capacity 8291K, committed 8320K, reserved 1048576K
}
Event: 14.562 GC heap before
{Heap before GC invocations=14 (full 3):
 PSYoungGen      total 200704K, used 19454K [0x00000000e0000000, 0x00000000f1700000, 0x0000000100000000)
  eden space 181248K, 0% used [0x00000000e0000000,0x00000000e0000000,0x00000000eb100000)
  from space 19456K, 99% used [0x00000000eb100000,0x00000000ec3ffac8,0x00000000ec400000)
  to   space 25600K, 0% used [0x00000000efe00000,0x00000000efe00000,0x00000000f1700000)
 ParOldGen       total 87552K, used 33044K [0x00000000a0000000, 0x00000000a5580000, 0x00000000e0000000)
  object space 87552K, 37% used [0x00000000a0000000,0x00000000a2045140,0x00000000a5580000)
 Metaspace       used 57208K, capacity 58968K, committed 59008K, reserved 1099776K
  class space    used 7855K, capacity 8291K, committed 8320K, reserved 1048576K
Event: 14.860 GC heap after
Heap after GC invocations=14 (full 3):
 PSYoungGen      total 200704K, used 0K [0x00000000e0000000, 0x00000000f1700000, 0x0000000100000000)
  eden space 181248K, 0% used [0x00000000e0000000,0x00000000e0000000,0x00000000eb100000)
  from space 19456K, 0% used [0x00000000eb100000,0x00000000eb100000,0x00000000ec400000)
  to   space 25600K, 0% used [0x00000000efe00000,0x00000000efe00000,0x00000000f1700000)
 ParOldGen       total 140800K, used 44240K [0x00000000a0000000, 0x00000000a8980000, 0x00000000e0000000)
  object space 140800K, 31% used [0x00000000a0000000,0x00000000a2b340a0,0x00000000a8980000)
 Metaspace       used 57208K, capacity 58968K, committed 59008K, reserved 1099776K
  class space    used 7855K, capacity 8291K, committed 8320K, reserved 1048576K
}
Event: 76.730 GC heap before
{Heap before GC invocations=15 (full 3):
 PSYoungGen      total 200704K, used 181248K [0x00000000e0000000, 0x00000000f1700000, 0x0000000100000000)
  eden space 181248K, 100% used [0x00000000e0000000,0x00000000eb100000,0x00000000eb100000)
  from space 19456K, 0% used [0x00000000eb100000,0x00000000eb100000,0x00000000ec400000)
  to   space 25600K, 0% used [0x00000000efe00000,0x00000000efe00000,0x00000000f1700000)
 ParOldGen       total 140800K, used 44240K [0x00000000a0000000, 0x00000000a8980000, 0x00000000e0000000)
  object space 140800K, 31% used [0x00000000a0000000,0x00000000a2b340a0,0x00000000a8980000)
 Metaspace       used 65556K, capacity 67822K, committed 68224K, reserved 1107968K
  class space    used 8698K, capacity 9252K, committed 9344K, reserved 1048576K
Event: 76.768 GC heap after
Heap after GC invocations=15 (full 3):
 PSYoungGen      total 239104K, used 14950K [0x00000000e0000000, 0x00000000f0d00000, 0x0000000100000000)
  eden space 223744K, 0% used [0x00000000e0000000,0x00000000e0000000,0x00000000eda80000)
  from space 15360K, 97% used [0x00000000efe00000,0x00000000f0c99a50,0x00000000f0d00000)
  to   space 25600K, 0% used [0x00000000edb00000,0x00000000edb00000,0x00000000ef400000)
 ParOldGen       total 140800K, used 44271K [0x00000000a0000000, 0x00000000a8980000, 0x00000000e0000000)
  object space 140800K, 31% used [0x00000000a0000000,0x00000000a2b3bd00,0x00000000a8980000)
 Metaspace       used 65556K, capacity 67822K, committed 68224K, reserved 1107968K
  class space    used 8698K, capacity 9252K, committed 9344K, reserved 1048576K
}

